{
  "RSpec": {
    "coverage": {
      "/Users/lyman/Dropbox/MyPrivateDropBox/MacDocuments/workspace/MfSE/whiteboard/app/models/user.rb": [
        1,
        null,
        null,
        1,
        null,
        null,
        null,
        1,
        null,
        null,
        null,
        null,
        272,
        null,
        null,
        null,
        null,
        null,
        null,
        null,
        null,
        273,
        null,
        1,
        1,
        null,
        1,
        1,
        null,
        1,
        1,
        null,
        1,
        null,
        1,
        null,
        1,
        1,
        1,
        1,
        null,
        1,
        null,
        1,
        1,
        null,
        null,
        1,
        null,
        1,
        1,
        null,
        1,
        null,
        null,
        null,
        null,
        1,
        null,
        null,
        null,
        null,
        1,
        null,
        null,
        null,
        null,
        null,
        1,
        1,
        1,
        null,
        1,
        null,
        1,
        0,
        null,
        1,
        0,
        null,
        null,
        1,
        19,
        null,
        null,
        1,
        19,
        null,
        null,
        null,
        1,
        109,
        0,
        null,
        109,
        null,
        null,
        null,
        1,
        36,
        12,
        null,
        24,
        null,
        null,
        null,
        null,
        1,
        55,
        null,
        null,
        1,
        81,
        null,
        81,
        null,
        null,
        81,
        null,
        81,
        null,
        null,
        1,
        9,
        null,
        null,
        null,
        1,
        50,
        50,
        50,
        null,
        null,
        1,
        0,
        0,
        0,
        null,
        null,
        null,
        null,
        null,
        1,
        15,
        null,
        9,
        null,
        6,
        null,
        null,
        null,
        null,
        1,
        3,
        null,
        3,
        3,
        3,
        0,
        0,
        0,
        null,
        0,
        0,
        0,
        null,
        0,
        0,
        null,
        null,
        null,
        null,
        3,
        null,
        null,
        null,
        1,
        51,
        null,
        3,
        null,
        34,
        null,
        14,
        null,
        0,
        null,
        null,
        null,
        null,
        1,
        0,
        0,
        0,
        0,
        0,
        0,
        null,
        null,
        1,
        15,
        15,
        15,
        15,
        15,
        15,
        null,
        null,
        null,
        null,
        null,
        1,
        4,
        null,
        null,
        1,
        4,
        4,
        null,
        null,
        4,
        null,
        null,
        null,
        1,
        0,
        0,
        0,
        null,
        0,
        null,
        null,
        null,
        1,
        0,
        null,
        null,
        1,
        1434,
        null,
        null,
        null,
        1,
        0,
        null,
        null,
        null,
        null,
        1,
        3,
        null,
        null,
        null,
        null,
        null,
        null,
        null,
        null,
        null,
        null,
        null,
        1,
        2,
        1,
        1,
        null,
        1,
        0,
        0,
        null,
        null,
        1,
        1,
        null,
        null,
        null,
        null,
        null,
        0,
        null,
        1,
        1,
        1,
        null,
        null,
        null,
        null,
        null,
        null,
        null,
        null,
        1,
        0,
        0,
        0,
        0,
        0,
        0,
        0,
        0,
        0,
        0,
        0,
        0,
        null,
        null,
        null,
        null,
        null,
        0,
        0,
        null,
        0,
        0,
        null,
        0,
        0,
        0,
        null,
        null,
        null,
        null,
        null,
        1,
        0,
        0,
        0,
        0,
        0,
        0,
        null,
        null,
        0,
        0,
        null,
        0,
        null,
        null,
        null,
        null,
        null,
        null,
        null,
        null,
        null,
        null,
        null,
        null,
        null,
        null,
        null,
        null,
        null,
        null,
        null,
        null,
        null,
        null,
        null,
        null,
        null,
        null,
        null,
        null,
        null,
        null,
        null,
        null,
        null,
        null,
        null,
        null,
        null,
        null,
        null,
        null,
        null,
        null,
        null,
        1,
        1,
        1,
        null,
        null,
        null,
        null,
        null,
        1,
        null,
        null,
        null,
        1,
        8,
        5,
        5,
        null,
        null,
        null,
        8,
        null,
        null,
        null,
        null,
        1,
        4,
        null,
        null,
        1,
        4,
        4,
        3,
        null,
        4,
        2,
        2,
        null,
        null,
        2,
        null,
        null,
        null,
        1,
        1196,
        null,
        null,
        1,
        0,
        null,
        null,
        1,
        null,
        1,
        null,
        1332,
        1332,
        null,
        null,
        null,
        1332,
        1332,
        1332,
        null,
        1332,
        null,
        3,
        null,
        3,
        null,
        3,
        null,
        3,
        null,
        null,
        null,
        null,
        1,
        null,
        1336,
        1334,
        null,
        2,
        null,
        1336,
        null,
        null,
        null,
        null
      ],
      "/Users/lyman/Dropbox/MyPrivateDropBox/MacDocuments/workspace/MfSE/whiteboard/app/services/academic_calendar.rb": [
        1,
        null,
        null,
        null,
        null,
        null,
        null,
        null,
        null,
        null,
        null,
        null,
        null,
        1,
        0,
        0,
        0,
        0,
        null,
        null,
        1,
        1289,
        0,
        0,
        0,
        null,
        null,
        1,
        330,
        330,
        0,
        null,
        330,
        null,
        null,
        null,
        1,
        166,
        166,
        null,
        166,
        166,
        166,
        null,
        166,
        166,
        0,
        166,
        166,
        null,
        0,
        0,
        0,
        0,
        null,
        0,
        0,
        0,
        0,
        null,
        0,
        null,
        null,
        null,
        1,
        668,
        null,
        668,
        null,
        0,
        null,
        0,
        null,
        null,
        null,
        1,
        334,
        0,
        null,
        334,
        null,
        null,
        null,
        1,
        165,
        null,
        0,
        null,
        165,
        null,
        0,
        null,
        0,
        null,
        null,
        null,
        1,
        100,
        100,
        30,
        70,
        24,
        46,
        32,
        null,
        14,
        null,
        null,
        null,
        1,
        52,
        null,
        0,
        null,
        0,
        null,
        0,
        null,
        0,
        null,
        52,
        null,
        0,
        null,
        null,
        null,
        null,
        null,
        0,
        null,
        null,
        null,
        null,
        null,
        1,
        96,
        null,
        0,
        null,
        0,
        null,
        0,
        null,
        0,
        null,
        null,
        96,
        null,
        36,
        null,
        36,
        null,
        24,
        null,
        null,
        0,
        null,
        0,
        null,
        0,
        null,
        0,
        null,
        null,
        null,
        null,
        1,
        24,
        null,
        0,
        null,
        24,
        null,
        0,
        null,
        null,
        null,
        1,
        1289,
        null,
        1289,
        null,
        1289,
        null,
        0,
        null,
        0,
        null,
        null,
        0,
        null,
        0,
        null,
        0,
        null,
        0,
        null,
        null,
        0,
        null,
        0,
        null,
        0,
        null,
        0,
        null,
        null,
        0,
        null,
        0,
        null,
        0,
        null,
        0,
        null,
        null,
        0,
        null,
        0,
        null,
        0,
        null,
        0,
        null,
        null,
        0,
        null,
        null,
        null,
        null,
        null,
        0,
        null,
        null,
        null,
        null,
        null,
        null,
        null,
        null,
        null,
        null,
        null,
        null,
        null,
        null,
        null,
        null,
        null,
        null,
        null,
        1,
        1029,
        null,
        0,
        null,
        0,
        null,
        0,
        null,
        0,
        null,
        null,
        572,
        null,
        240,
        null,
        166,
        null,
        166,
        null,
        null,
        0,
        null,
        0,
        null,
        0,
        null,
        0,
        null,
        null,
        0,
        null,
        0,
        null,
        0,
        null,
        0,
        null,
        null,
        4,
        null,
        1,
        null,
        1,
        null,
        2,
        null,
        null,
        453,
        null,
        206,
        null,
        146,
        null,
        101,
        null,
        null,
        0,
        null,
        0,
        null,
        0,
        null,
        0,
        null,
        null,
        0,
        null,
        0,
        null,
        0,
        null,
        0,
        null,
        null,
        0,
        null,
        null,
        null,
        null,
        null,
        0,
        null,
        null,
        null,
        null,
        1,
        12,
        12,
        null,
        null,
        1,
        12,
        12,
        12,
        null,
        null,
        1,
        24,
        24,
        12,
        12,
        null,
        24,
        null,
        null,
        1,
        24,
        24,
        24,
        12,
        12,
        null,
        24,
        null,
        null,
        null,
        1,
        107,
        null,
        107,
        null,
        107,
        null,
        0,
        null,
        0,
        null,
        0,
        null,
        null,
        107,
        107,
        107,
        null,
        107,
        null,
        null,
        1,
        11,
        11,
        11,
        11,
        11,
        null,
        null,
        null,
        1,
        11,
        11,
        null,
        11,
        11,
        11,
        null,
        null,
        11,
        null,
        null,
        null
      ],
      "/Users/lyman/Dropbox/MyPrivateDropBox/MacDocuments/workspace/MfSE/whiteboard/app/controllers/application_controller.rb": [
        1,
        null,
        1,
        null,
        1,
        null,
        1,
        null,
        null,
        null,
        1,
        null,
        null,
        1,
        1,
        1,
        null,
        null,
        1,
        1,
        0,
        0,
        null,
        0,
        null,
        null,
        null,
        1,
        1,
        null,
        null,
        1,
        0,
        0,
        null,
        0,
        0,
        0,
        0,
        null,
        null,
        null,
        null,
        1,
        208,
        165,
        null,
        null,
        null,
        null,
        null,
        null,
        null,
        null,
        null,
        null,
        null,
        1,
        351,
        null,
        null,
        0,
        null,
        null,
        null,
        1,
        0,
        0,
        0,
        null,
        null,
        null,
        null,
        null,
        null,
        null,
        1,
        null,
        null,
        null,
        50,
        50,
        null,
        null,
        1,
        0,
        null,
        null,
        1,
        11,
        null,
        null,
        1,
        14,
        14,
        null,
        null,
        null,
        1,
        42,
        17,
        null,
        17,
        17,
        null,
        25,
        null,
        null,
        1,
        25,
        25,
        null,
        null,
        null,
        null,
        null,
        null,
        null,
        1,
        1,
        539,
        null,
        null,
        null,
        null,
        null
      ],
      "/Users/lyman/Dropbox/MyPrivateDropBox/MacDocuments/workspace/MfSE/whiteboard/app/helpers/application_helper.rb": [
        1,
        null,
        null,
        1,
        17,
        null,
        null,
        null,
        1,
        0,
        null,
        null,
        1,
        0,
        null,
        null,
        1,
        0,
        null,
        null,
        null,
        null,
        null,
        null,
        1,
        3,
        null,
        null,
        1,
        0,
        null,
        null,
        null,
        1,
        20,
        null,
        null,
        1,
        3,
        0,
        null,
        null,
        1,
        1,
        1,
        null,
        null,
        null,
        1,
        null,
        6,
        6,
        null,
        null,
        null,
        null,
        null
      ],
      "/Users/lyman/Dropbox/MyPrivateDropBox/MacDocuments/workspace/MfSE/whiteboard/app/helpers/courses_helper.rb": [
        1,
        1,
        36,
        null,
        null,
        1,
        13,
        null,
        null
      ],
      "/Users/lyman/Dropbox/MyPrivateDropBox/MacDocuments/workspace/MfSE/whiteboard/app/helpers/deliverables_helper.rb": [
        1,
        1,
        9,
        null,
        null,
        null,
        9,
        null,
        0,
        0,
        null,
        9,
        null,
        0,
        0,
        null,
        null,
        null,
        null,
        null,
        null,
        null
      ],
      "/Users/lyman/Dropbox/MyPrivateDropBox/MacDocuments/workspace/MfSE/whiteboard/app/helpers/effort_logs_helper.rb": [
        1,
        null,
        1,
        0,
        null,
        null,
        1,
        3,
        null,
        null,
        1,
        45,
        null,
        null,
        null,
        null
      ],
      "/Users/lyman/Dropbox/MyPrivateDropBox/MacDocuments/workspace/MfSE/whiteboard/app/helpers/jobs_helper.rb": [
        1,
        null,
        1,
        18,
        18,
        9,
        null,
        18,
        null,
        null,
        1,
        14,
        14,
        null,
        0,
        null,
        null,
        null,
        1,
        0,
        0,
        0,
        null,
        0,
        null,
        null,
        null
      ],
      "/Users/lyman/Dropbox/MyPrivateDropBox/MacDocuments/workspace/MfSE/whiteboard/app/helpers/people_helper.rb": [
        1,
        null,
        1,
        4,
        0,
        0,
        null,
        null,
        1,
        11,
        0,
        null,
        1,
        11,
        0,
        null,
        1,
        3,
        3,
        null,
        1,
        18,
        0,
        null,
        1,
        3,
        3,
        null,
        null,
        null
      ],
      "/Users/lyman/Dropbox/MyPrivateDropBox/MacDocuments/workspace/MfSE/whiteboard/app/helpers/teams_helper.rb": [
        1,
        null,
        null,
        null,
        1,
        0,
        null,
        0,
        0,
        0,
        0,
        0,
        null,
        0,
        null,
        0,
        null,
        0,
        null,
        null,
        null
      ],
      "/Users/lyman/Dropbox/MyPrivateDropBox/MacDocuments/workspace/MfSE/whiteboard/app/models/registration.rb": [
        1,
        1,
        1,
        null
      ],
      "/Users/lyman/Dropbox/MyPrivateDropBox/MacDocuments/workspace/MfSE/whiteboard/app/controllers/assignments_controller.rb": [
        1,
        null,
        null,
        1,
        1,
        1,
        null,
        1,
        null,
        1,
        16,
        16,
        null,
        null,
        1,
        16,
        null,
        null,
        1,
        3,
        3,
        null,
        3,
        3,
        3,
        null,
        null,
        null,
        null,
        null,
        1,
        1,
        1,
        null,
        1,
        1,
        1,
        null,
        null,
        null,
        null,
        1,
        1,
        1,
        null,
        null,
        null,
        null,
        1,
        5,
        5,
        5,
        5,
        5,
        6,
        3,
        null,
        4,
        2,
        null,
        null,
        null,
        null,
        null,
        null,
        1,
        5,
        5,
        null,
        5,
        5,
        5,
        5,
        0,
        0,
        0,
        null,
        null,
        null,
        null,
        5,
        5,
        5,
        4,
        2,
        null,
        6,
        3,
        null,
        null,
        null,
        0,
        0,
        0,
        null,
        null,
        null,
        null,
        null,
        null,
        null,
        null,
        1,
        1,
        1,
        null,
        1,
        1,
        1,
        null,
        null,
        null,
        null,
        null,
        1,
        0,
        0,
        0,
        null,
        0,
        0,
        null,
        null,
        null,
        null,
        null,
        null,
        null,
        1,
        0,
        null,
        0,
        0,
        0,
        0,
        null,
        null,
        null,
        null
      ],
      "/Users/lyman/Dropbox/MyPrivateDropBox/MacDocuments/workspace/MfSE/whiteboard/app/models/assignment.rb": [
        null,
        null,
        null,
        null,
        null,
        null,
        null,
        null,
        null,
        null,
        null,
        null,
        null,
        null,
        null,
        null,
        null,
        null,
        null,
        null,
        null,
        1,
        1,
        1,
        null,
        1,
        1,
        1,
        null,
        1,
        1,
        1,
        null,
        1,
        null,
        1,
        1,
        null,
        1,
        12,
        12,
        null,
        0,
        null,
        null,
        12,
        0,
        null,
        12,
        null,
        null,
        12,
        8,
        null,
        4,
        null,
        null,
        null,
        null,
        1,
        3,
        null,
        null,
        null,
        1,
        3,
        2,
        2,
        2,
        null,
        null,
        1,
        null,
        null,
        null,
        null,
        1,
        1,
        null,
        null,
        1,
        8,
        8,
        null,
        0,
        null,
        null,
        null,
        null,
        1,
        3,
        3,
        null,
        1,
        null,
        1,
        null,
        1,
        null,
        3,
        null,
        null,
        null,
        1,
        1,
        null,
        null,
        1,
        14,
        14,
        14,
        null,
        14,
        1,
        1,
        null,
        null,
        13,
        2,
        2,
        null,
        null,
        13,
        1,
        null,
        null,
        13,
        null,
        null,
        null
      ],
      "/Users/lyman/Dropbox/MyPrivateDropBox/MacDocuments/workspace/MfSE/whiteboard/app/controllers/course_navigations_controller.rb": [
        1,
        1,
        null,
        1,
        null,
        null,
        null,
        null,
        null,
        null,
        null,
        null,
        1,
        3,
        3,
        3,
        null,
        2,
        null,
        2,
        2,
        2,
        null,
        null,
        null,
        1,
        0,
        0,
        0,
        null,
        null,
        null
      ],
      "/Users/lyman/Dropbox/MyPrivateDropBox/MacDocuments/workspace/MfSE/whiteboard/app/controllers/course_numbers_controller.rb": [
        1,
        1,
        null,
        1,
        null,
        null,
        null,
        1,
        1,
        null,
        null,
        null,
        null,
        null
      ],
      "/Users/lyman/Dropbox/MyPrivateDropBox/MacDocuments/workspace/MfSE/whiteboard/app/models/course_number.rb": [
        1,
        null,
        1,
        0,
        0,
        null,
        null,
        null
      ],
      "/Users/lyman/Dropbox/MyPrivateDropBox/MacDocuments/workspace/MfSE/whiteboard/app/controllers/courses_controller.rb": [
        1,
        1,
        null,
        1,
        null,
        null,
        null,
        1,
        3,
        3,
        3,
        null,
        3,
        3,
        null,
        null,
        1,
        11,
        11,
        null,
        11,
        0,
        0,
        0,
        0,
        null,
        null,
        11,
        11,
        11,
        11,
        null,
        11,
        null,
        null,
        null,
        null,
        1,
        1,
        1,
        1,
        null,
        1,
        0,
        null,
        null,
        1,
        1,
        1,
        null,
        null,
        null,
        1,
        0,
        0,
        null,
        0,
        0,
        0,
        0,
        0,
        null,
        null,
        null,
        null,
        null,
        null,
        1,
        2,
        1,
        1,
        1,
        null,
        1,
        1,
        1,
        null,
        null,
        null,
        null,
        1,
        3,
        3,
        3,
        3,
        0,
        null,
        3,
        null,
        null,
        1,
        2,
        null,
        null,
        null,
        null,
        1,
        7,
        6,
        6,
        4,
        null,
        2,
        null,
        null,
        6,
        6,
        6,
        6,
        6,
        null,
        4,
        8,
        4,
        null,
        4,
        2,
        null,
        null,
        null,
        null,
        null,
        null,
        1,
        6,
        6,
        null,
        5,
        0,
        0,
        null,
        0,
        null,
        null,
        5,
        null,
        null,
        5,
        5,
        null,
        5,
        5,
        3,
        6,
        3,
        null,
        4,
        2,
        null,
        null,
        null,
        null,
        null,
        null,
        1,
        2,
        0,
        0,
        null,
        0,
        0,
        0,
        null,
        null,
        null,
        null,
        1,
        0,
        null,
        0,
        0,
        0,
        null,
        0,
        0,
        0,
        0,
        null,
        0,
        null,
        null,
        0,
        null,
        null,
        0,
        0,
        null,
        null,
        null,
        1,
        1,
        1,
        null,
        1,
        null,
        1,
        2,
        1,
        null,
        null,
        null,
        null,
        1,
        0,
        0,
        null,
        0,
        0,
        0,
        0,
        0,
        0,
        null,
        null,
        0,
        null,
        null,
        null,
        1,
        1,
        11,
        22,
        11,
        null,
        null,
        null,
        1,
        5,
        null,
        null
      ],
      "/Users/lyman/Dropbox/MyPrivateDropBox/MacDocuments/workspace/MfSE/whiteboard/app/models/course.rb": [
        null,
        null,
        null,
        null,
        null,
        null,
        null,
        null,
        null,
        null,
        null,
        null,
        null,
        null,
        null,
        null,
        null,
        null,
        null,
        null,
        null,
        null,
        null,
        null,
        null,
        null,
        null,
        null,
        null,
        null,
        null,
        1,
        1,
        null,
        1,
        1,
        1,
        1,
        null,
        null,
        null,
        1,
        null,
        1,
        1,
        null,
        1,
        1,
        null,
        1,
        null,
        1,
        null,
        1,
        1,
        1,
        null,
        1,
        1,
        null,
        1,
        1,
        1,
        null,
        null,
        null,
        null,
        1,
        null,
        1,
        null,
        null,
        null,
        null,
        null,
        1,
        null,
        1,
        741,
        null,
        null,
        1,
        33,
        33,
        33,
        null,
        null,
        1,
        null,
        null,
        10,
        null,
        null,
        1,
        26,
        4,
        null,
        null,
        1,
        45,
        25,
        null,
        20,
        null,
        null,
        null,
        1,
        0,
        0,
        null,
        0,
        null,
        null,
        null,
        1,
        1,
        1,
        null,
        null,
        null,
        1,
        1,
        null,
        1,
        1,
        1,
        0,
        null,
        1,
        1,
        null,
        null,
        1,
        1,
        null,
        null,
        1,
        24,
        null,
        null,
        1,
        8,
        null,
        null,
        null,
        1,
        0,
        null,
        null,
        null,
        1,
        0,
        null,
        null,
        1,
        0,
        null,
        null,
        null,
        1,
        5,
        5,
        1,
        4,
        1,
        null,
        3,
        null,
        null,
        0,
        0,
        null,
        0,
        null,
        null,
        null,
        null,
        null,
        1,
        18,
        null,
        18,
        6,
        null,
        12,
        4,
        null,
        8,
        8,
        null,
        0,
        null,
        null,
        null,
        1,
        5,
        null,
        null,
        1,
        5,
        null,
        null,
        null,
        1,
        1,
        1,
        1,
        null,
        null,
        1,
        5,
        null,
        null,
        1,
        2,
        null,
        null,
        1,
        2,
        null,
        null,
        null,
        null,
        1,
        731,
        3,
        null,
        7,
        3,
        3,
        3,
        3,
        3,
        null,
        null,
        1,
        6,
        6,
        6,
        6,
        6,
        6,
        6,
        6,
        6,
        6,
        6,
        null,
        null,
        null,
        1,
        null,
        7,
        12,
        7,
        null,
        null,
        1,
        2,
        2,
        1,
        2,
        2,
        2,
        2,
        2,
        null,
        null,
        1,
        null,
        null,
        null,
        1,
        null,
        0,
        0,
        null,
        null,
        null,
        1,
        0,
        null,
        0,
        null,
        0,
        null,
        null,
        null,
        1,
        9,
        null,
        null,
        1,
        732,
        null,
        null,
        1,
        2,
        null,
        null,
        null,
        1,
        65,
        0,
        null,
        65,
        null,
        null,
        null,
        1,
        13,
        13,
        null,
        0,
        null,
        null,
        null,
        1,
        691,
        null,
        null,
        1,
        1,
        730,
        16784,
        null,
        null,
        null,
        1,
        732,
        346,
        null,
        386,
        null,
        732,
        732,
        null,
        null,
        1,
        730,
        542,
        null,
        null,
        null,
        1,
        729,
        727,
        727,
        null,
        null,
        null,
        null,
        1,
        0,
        0,
        0,
        0,
        0,
        null,
        null,
        null,
        1,
        1,
        0,
        0,
        0,
        null,
        0,
        0,
        0,
        null,
        null,
        0,
        null,
        null,
        null
      ],
      "/Users/lyman/Dropbox/MyPrivateDropBox/MacDocuments/workspace/MfSE/whiteboard/app/services/people_in_a_collection.rb": [
        1,
        null,
        null,
        null,
        null,
        null,
        1,
        995,
        995,
        null,
        19,
        19,
        null,
        19,
        19,
        32,
        4,
        null,
        null,
        null,
        null,
        1,
        62,
        null,
        null,
        1,
        78,
        null,
        null,
        null,
        null,
        null,
        null,
        null,
        null,
        null,
        null,
        1,
        23,
        23,
        null,
        5,
        10,
        null,
        5,
        5,
        null,
        5,
        5,
        5,
        null,
        5,
        5,
        5,
        null,
        5,
        2,
        null,
        null,
        null,
        1,
        0,
        null,
        null,
        1,
        5,
        5,
        null,
        null,
        1,
        5,
        5,
        null,
        null,
        null,
        null
      ],
      "/Users/lyman/Dropbox/MyPrivateDropBox/MacDocuments/workspace/MfSE/whiteboard/app/controllers/delayed_system_jobs_controller.rb": [
        1,
        null,
        1,
        null,
        1,
        null,
        null,
        1,
        2,
        2,
        null,
        1,
        null,
        1,
        2,
        1,
        1,
        null,
        null,
        null,
        null,
        null,
        null,
        1,
        1,
        null,
        0,
        0,
        null,
        0,
        0,
        0,
        null,
        null,
        null,
        null
      ],
      "/Users/lyman/Dropbox/MyPrivateDropBox/MacDocuments/workspace/MfSE/whiteboard/app/models/delayed_system_job.rb": [
        1,
        1,
        null
      ],
      "/Users/lyman/Dropbox/MyPrivateDropBox/MacDocuments/workspace/MfSE/whiteboard/app/controllers/deliverables_controller.rb": [
        1,
        null,
        1,
        null,
        1,
        1,
        null,
        1,
        18,
        null,
        null,
        null,
        null,
        1,
        0,
        null,
        null,
        1,
        null,
        8,
        null,
        8,
        0,
        0,
        null,
        8,
        3,
        null,
        null,
        null,
        8,
        null,
        null,
        null,
        null,
        8,
        null,
        7,
        null,
        7,
        16,
        null,
        14,
        null,
        1,
        null,
        null,
        null,
        null,
        1,
        5,
        5,
        5,
        5,
        null,
        null,
        null,
        null,
        1,
        0,
        0,
        0,
        null,
        0,
        null,
        null,
        null,
        null,
        1,
        0,
        0,
        0,
        null,
        0,
        null,
        null,
        null,
        1,
        11,
        11,
        2,
        1,
        1,
        1,
        null,
        null,
        10,
        10,
        10,
        10,
        10,
        10,
        10,
        20,
        10,
        null,
        null,
        null,
        null,
        null,
        1,
        10,
        10,
        10,
        10,
        1,
        1,
        null,
        null,
        9,
        4,
        0,
        0,
        null,
        4,
        1,
        null,
        null,
        null,
        9,
        9,
        8,
        null,
        5,
        5,
        null,
        null,
        null,
        null,
        null,
        null,
        null,
        1,
        null,
        5,
        5,
        null,
        5,
        2,
        2,
        null,
        3,
        0,
        null,
        3,
        null,
        null,
        null,
        null,
        5,
        5,
        5,
        null,
        null,
        null,
        null,
        1,
        0,
        null,
        0,
        0,
        null,
        0,
        0,
        0,
        null,
        null,
        null,
        null,
        null,
        1,
        null,
        3,
        3,
        3,
        null,
        3,
        0,
        0,
        0,
        0,
        null,
        0,
        null,
        null,
        3,
        2,
        2,
        4,
        2,
        null,
        2,
        null,
        1,
        1,
        1,
        1,
        null,
        1,
        1,
        1,
        1,
        2,
        1,
        null,
        0,
        0,
        null,
        0,
        null,
        0,
        null,
        0,
        0,
        null,
        null,
        null,
        null,
        null,
        null,
        1,
        0,
        null,
        null,
        0,
        null,
        0,
        0,
        0,
        null,
        null,
        0,
        0,
        null,
        0,
        0,
        0,
        0,
        null,
        0,
        0,
        0,
        0,
        null,
        0,
        null,
        null,
        0,
        0,
        0,
        null,
        0,
        null,
        null,
        null,
        null,
        null,
        null,
        null,
        null,
        1,
        0,
        null,
        0,
        0,
        0,
        null,
        0,
        null,
        0,
        0,
        0,
        null,
        null,
        null,
        1,
        0,
        0,
        0,
        null,
        null,
        0,
        null,
        null,
        null,
        null,
        null,
        null,
        null,
        null,
        null,
        1,
        0,
        null,
        0,
        0,
        0,
        null,
        null,
        null,
        0,
        0,
        0,
        0,
        null,
        0,
        0,
        null,
        null,
        null,
        0,
        0,
        0,
        0,
        null,
        0,
        0,
        0,
        null,
        null,
        0,
        null,
        null,
        null,
        0,
        0,
        null,
        0,
        null,
        0,
        null,
        0,
        0,
        0,
        0,
        0,
        null,
        0,
        0,
        null,
        null,
        null,
        null,
        null,
        null,
        null,
        1,
        0,
        0,
        0,
        0,
        0,
        null,
        null,
        null,
        null,
        1,
        1,
        5,
        null,
        null,
        5,
        5,
        1,
        null,
        null,
        5,
        5,
        null,
        0,
        null,
        null,
        null,
        null,
        5,
        5,
        null,
        null,
        null,
        5,
        5,
        21,
        null,
        5,
        2,
        null,
        3,
        null,
        24,
        null,
        null,
        null,
        null,
        5,
        1,
        3,
        null,
        null,
        10,
        null,
        null,
        null,
        null
      ],
      "/Users/lyman/Dropbox/MyPrivateDropBox/MacDocuments/workspace/MfSE/whiteboard/app/models/deliverable.rb": [
        null,
        null,
        null,
        null,
        null,
        null,
        null,
        null,
        null,
        null,
        null,
        null,
        null,
        null,
        null,
        null,
        null,
        null,
        null,
        null,
        null,
        null,
        null,
        null,
        null,
        null,
        null,
        null,
        null,
        null,
        null,
        null,
        null,
        null,
        null,
        1,
        1,
        1,
        null,
        1,
        1,
        1,
        null,
        null,
        null,
        1,
        null,
        1,
        1,
        null,
        1,
        null,
        null,
        null,
        null,
        null,
        null,
        1,
        null,
        1,
        null,
        1,
        null,
        null,
        17,
        null,
        17,
        null,
        17,
        null,
        17,
        null,
        17,
        null,
        17,
        null,
        null,
        null,
        null,
        null,
        null,
        17,
        null,
        17,
        17,
        null,
        17,
        2,
        null,
        null,
        17,
        null,
        1,
        0,
        0,
        null,
        1,
        1,
        null,
        null,
        null,
        null,
        16,
        2,
        2,
        null,
        2,
        2,
        null,
        14,
        14,
        null,
        14,
        14,
        null,
        null,
        16,
        null,
        16,
        35,
        null,
        null,
        16,
        3,
        null,
        null,
        null,
        null,
        0,
        0,
        0,
        null,
        0,
        0,
        null,
        null,
        null,
        null,
        17,
        null,
        17,
        39,
        null,
        null,
        17,
        null,
        null,
        null,
        null,
        1,
        98,
        72,
        72,
        null,
        26,
        26,
        null,
        98,
        0,
        null,
        null,
        null,
        null,
        1,
        218,
        null,
        null,
        null,
        1,
        0,
        null,
        null,
        null,
        1,
        12,
        11,
        null,
        1,
        null,
        null,
        null,
        1,
        66,
        58,
        null,
        8,
        null,
        null,
        null,
        null,
        1,
        2,
        1,
        null,
        1,
        null,
        null,
        null,
        1,
        null,
        null,
        8,
        8,
        null,
        null,
        1,
        null,
        null,
        8,
        8,
        null,
        null,
        1,
        16,
        16,
        8,
        16,
        8,
        null,
        16,
        null,
        null,
        null,
        1,
        3,
        null,
        null,
        null,
        1,
        1,
        1,
        0,
        null,
        1,
        0,
        null,
        null,
        1,
        1,
        null,
        null,
        0,
        0,
        0,
        null,
        0,
        null,
        0,
        null,
        null,
        null,
        null,
        null,
        0,
        null,
        null,
        null,
        1,
        0,
        0,
        0,
        null,
        0,
        null,
        0,
        0,
        0,
        0,
        null,
        0,
        0,
        0,
        0,
        0,
        0,
        0,
        0,
        0,
        null,
        0,
        null,
        null,
        null,
        null,
        null,
        null,
        0,
        null,
        null,
        null,
        1,
        0,
        0,
        0,
        null,
        null,
        0,
        null,
        null,
        null,
        null,
        1,
        16,
        null,
        12,
        8,
        3,
        2,
        null,
        null,
        null,
        10,
        4,
        2,
        1,
        null,
        null,
        null,
        9,
        null,
        null,
        1,
        null,
        0,
        0,
        0,
        null,
        null,
        null,
        null,
        1,
        3,
        3,
        null,
        null,
        null,
        null,
        1,
        0,
        0,
        0,
        0,
        null,
        0,
        0,
        null,
        0,
        null,
        null,
        null,
        1,
        1,
        1,
        1,
        1,
        null,
        null,
        0,
        0,
        0,
        null,
        null,
        0,
        0,
        0,
        null,
        0,
        0,
        null,
        null,
        null,
        0,
        null,
        0,
        0,
        null,
        null,
        0,
        null,
        null,
        null,
        1,
        3,
        0,
        null,
        3,
        null,
        null,
        null,
        null,
        1,
        18,
        18,
        null,
        null,
        null,
        null,
        null,
        1,
        3,
        3,
        3,
        3,
        3,
        3,
        null,
        null,
        0,
        null,
        0,
        null,
        null,
        null,
        null,
        null,
        1,
        3,
        3,
        3,
        3,
        1,
        2,
        2,
        null,
        0,
        null,
        null,
        null,
        null,
        null,
        1,
        91,
        91,
        26,
        null,
        26,
        null,
        null,
        null,
        null,
        1,
        6,
        5,
        null,
        1,
        null,
        null,
        null,
        1,
        6,
        6,
        6,
        6,
        null,
        null,
        5,
        null,
        null,
        null,
        null,
        null
      ],
      "/Users/lyman/Dropbox/MyPrivateDropBox/MacDocuments/workspace/MfSE/whiteboard/app/controllers/effort_log_line_items_controller.rb": [
        null,
        null,
        null,
        null,
        null,
        null,
        1,
        null,
        null,
        null,
        1,
        null,
        1,
        0,
        null,
        0,
        0,
        0,
        null,
        null,
        null,
        null,
        null,
        1,
        0,
        null,
        0,
        0,
        0,
        null,
        null,
        null,
        null,
        null,
        1,
        0,
        null,
        0,
        0,
        0,
        null,
        null,
        null,
        null,
        1,
        null,
        0,
        null,
        null,
        null,
        null,
        1,
        0,
        null,
        0,
        0,
        0,
        0,
        0,
        null,
        0,
        0,
        null,
        null,
        null,
        null,
        null,
        null,
        1,
        0,
        null,
        0,
        0,
        0,
        0,
        0,
        null,
        0,
        0,
        null,
        null,
        null,
        null,
        null,
        null,
        1,
        0,
        0,
        null,
        0,
        0,
        0,
        null,
        null,
        null,
        1,
        1,
        0,
        null,
        null
      ],
      "/Users/lyman/Dropbox/MyPrivateDropBox/MacDocuments/workspace/MfSE/whiteboard/app/models/effort_log_line_item.rb": [
        1,
        1,
        null,
        1,
        1,
        1,
        null,
        null,
        1,
        null,
        1,
        4,
        4,
        4,
        4,
        4,
        4,
        4,
        4,
        null,
        null
      ],
      "/Users/lyman/Dropbox/MyPrivateDropBox/MacDocuments/workspace/MfSE/whiteboard/app/controllers/effort_logs_controller.rb": [
        1,
        null,
        null,
        null,
        1,
        null,
        1,
        null,
        null,
        null,
        null,
        1,
        7,
        null,
        1,
        1,
        null,
        null,
        6,
        null,
        6,
        6,
        6,
        null,
        null,
        null,
        null,
        1,
        7,
        7,
        null,
        7,
        7,
        7,
        6,
        6,
        6,
        4,
        4,
        4,
        null,
        null,
        null,
        null,
        1,
        0,
        null,
        null,
        0,
        0,
        null,
        0,
        0,
        0,
        null,
        null,
        0,
        0,
        0,
        0,
        0,
        0,
        null,
        0,
        0,
        0,
        null,
        null,
        null,
        1,
        0,
        0,
        0,
        null,
        null,
        0,
        null,
        null,
        null,
        null,
        1,
        15,
        null,
        15,
        2,
        2,
        null,
        13,
        13,
        null,
        null,
        null,
        15,
        null,
        11,
        null,
        null,
        11,
        2,
        null,
        9,
        null,
        null,
        null,
        4,
        2,
        null,
        2,
        null,
        null,
        null,
        4,
        null,
        null,
        4,
        null,
        0,
        0,
        null,
        null,
        0,
        0,
        0,
        null,
        null,
        null,
        null,
        4,
        null,
        null,
        null,
        15,
        15,
        15,
        null,
        null,
        null,
        null,
        null,
        1,
        0,
        0,
        null,
        0,
        0,
        0,
        null,
        null,
        null,
        null,
        null,
        null,
        1,
        0,
        0,
        0,
        0,
        null,
        0,
        0,
        null,
        0,
        null,
        0,
        0,
        0,
        null,
        0,
        null,
        0,
        0,
        null,
        null,
        0,
        null,
        null,
        null,
        0,
        null,
        0,
        null,
        null,
        0,
        null,
        null,
        0,
        0,
        0,
        0,
        null,
        null,
        0,
        0,
        0,
        0,
        null,
        null,
        0,
        null,
        0,
        0,
        null,
        0,
        0,
        null,
        null,
        null,
        null,
        null,
        null,
        0,
        0,
        null,
        null,
        null,
        null,
        null,
        0,
        0,
        0,
        0,
        0,
        null,
        0,
        0,
        0,
        null,
        null,
        null,
        null,
        null,
        1,
        0,
        null,
        null,
        0,
        0,
        0,
        null,
        null,
        null,
        null,
        null,
        0,
        null,
        null,
        null,
        null,
        1,
        0,
        null,
        0,
        null,
        null,
        0,
        0,
        0,
        0,
        0,
        0,
        null,
        0,
        0,
        null,
        0,
        0,
        null,
        null,
        null,
        null,
        null,
        null,
        1,
        0,
        null,
        0,
        0,
        0,
        0,
        null,
        null,
        null,
        null,
        null,
        null,
        0,
        null,
        0,
        0,
        null,
        0,
        0,
        0,
        0,
        null,
        0,
        0,
        null,
        0,
        0,
        null,
        null,
        null,
        null,
        null,
        null,
        1,
        0,
        0,
        null,
        0,
        0,
        0,
        null,
        null,
        null,
        1,
        0,
        0,
        0,
        0,
        null,
        null,
        null,
        null,
        1,
        0,
        0,
        0,
        0,
        null,
        null,
        1,
        null,
        1,
        0,
        0,
        null,
        null,
        0,
        null,
        0,
        null,
        0,
        null,
        null,
        1,
        0,
        0,
        0,
        null,
        0,
        null,
        null,
        1,
        null,
        null,
        null,
        null,
        null,
        0,
        null,
        null,
        null,
        null
      ],
      "/Users/lyman/Dropbox/MyPrivateDropBox/MacDocuments/workspace/MfSE/whiteboard/app/models/effort_log.rb": [
        1,
        1,
        1,
        null,
        1,
        1,
        1,
        null,
        1,
        null,
        1,
        11,
        null,
        null,
        1,
        6,
        2,
        null,
        4,
        2,
        2,
        2,
        2,
        1,
        null,
        null,
        3,
        null,
        null,
        1,
        0,
        0,
        null,
        0,
        0,
        0,
        0,
        0,
        0,
        0,
        null,
        null,
        null,
        0,
        0,
        null,
        null,
        1,
        2,
        2,
        null,
        2,
        null,
        2,
        2,
        null,
        2,
        2,
        2,
        1,
        null,
        null,
        2,
        null,
        null,
        null,
        1,
        14,
        14,
        4,
        4,
        null,
        null,
        null,
        null,
        1,
        0,
        0,
        null,
        null,
        null,
        1,
        1,
        null,
        1,
        0,
        0,
        0,
        0,
        null,
        0,
        null,
        null,
        null,
        null,
        1,
        0,
        0,
        null,
        null,
        null,
        1,
        52,
        2,
        null,
        50,
        null,
        null,
        null,
        1,
        0,
        null,
        null,
        null
      ],
      "/Users/lyman/Dropbox/MyPrivateDropBox/MacDocuments/workspace/MfSE/whiteboard/app/controllers/effort_reports_controller.rb": [
        1,
        null,
        1,
        null,
        1,
        null,
        1,
        1,
        null,
        1,
        1,
        null,
        1,
        null,
        0,
        0,
        null,
        0,
        null,
        0,
        null,
        0,
        0,
        0,
        0,
        0,
        0,
        0,
        null,
        0,
        null,
        0,
        null,
        0,
        null,
        0,
        0,
        null,
        null,
        null,
        1,
        0,
        null,
        0,
        0,
        0,
        0,
        0,
        0,
        null,
        null,
        0,
        0,
        0,
        null,
        0,
        null,
        null,
        null,
        1,
        0,
        null,
        0,
        0,
        0,
        0,
        0,
        0,
        0,
        null,
        null,
        0,
        0,
        0,
        null,
        null,
        null,
        0,
        0,
        0,
        null,
        0,
        null,
        null,
        null,
        1,
        0,
        null,
        0,
        null,
        null,
        null,
        null,
        null,
        null,
        null,
        0,
        0,
        0,
        0,
        0,
        null,
        0,
        null,
        null,
        null,
        null,
        null,
        null,
        0,
        0,
        0,
        0,
        0,
        0,
        null,
        0,
        null,
        null,
        null,
        0,
        0,
        0,
        0,
        0,
        null,
        null,
        0,
        0,
        0,
        0,
        0,
        null,
        null,
        null,
        0,
        0,
        0,
        0,
        0,
        0,
        null,
        null,
        null,
        0,
        0,
        0,
        0,
        0,
        null,
        0,
        null,
        null,
        null,
        0,
        null,
        null,
        null,
        null,
        null,
        null,
        null,
        null,
        null,
        null,
        null,
        null,
        null,
        null,
        null,
        null,
        null,
        null,
        null,
        null,
        null,
        null,
        null,
        null,
        null,
        null,
        1,
        0,
        null,
        null,
        null,
        null,
        null,
        0,
        0,
        null,
        0,
        0,
        null,
        0,
        0,
        0,
        0,
        0,
        0,
        0,
        null,
        0,
        null,
        null,
        0,
        null,
        0,
        null,
        null,
        null,
        null,
        0,
        0,
        null,
        0,
        null,
        null,
        null,
        1,
        0,
        0,
        0,
        0,
        0,
        0,
        0,
        0,
        0,
        0,
        null,
        null,
        null,
        0,
        0,
        0,
        null,
        null,
        null,
        1,
        0,
        0,
        0,
        0,
        0,
        0,
        0,
        0,
        0,
        0,
        null,
        0,
        0,
        0,
        0,
        0,
        0,
        0,
        0,
        0,
        null,
        null,
        0,
        0,
        null,
        0,
        null,
        0,
        0,
        null,
        0,
        0,
        null,
        0,
        0,
        0,
        null,
        null,
        0,
        0,
        0,
        null,
        null,
        0,
        0,
        0,
        null,
        0,
        null,
        null,
        null,
        null,
        null,
        1,
        0,
        0,
        0,
        0,
        null,
        null,
        null,
        1,
        0,
        0,
        0,
        null,
        0,
        null,
        0,
        0,
        null,
        null,
        0,
        0,
        null,
        null,
        null,
        0,
        0,
        null,
        0,
        null,
        null,
        null,
        1,
        0,
        0,
        0,
        null,
        0,
        null,
        0,
        0,
        null,
        null,
        null,
        1,
        null,
        null,
        1,
        13,
        9,
        null,
        4,
        null,
        null,
        13,
        3,
        null,
        13,
        3,
        null,
        null,
        13,
        13,
        null,
        null,
        1,
        null,
        null,
        null,
        null,
        null,
        null,
        null,
        null,
        null,
        null,
        null,
        null,
        null,
        null,
        null,
        null,
        null,
        null,
        null,
        null,
        1,
        0,
        0,
        0,
        0,
        null,
        0,
        null,
        null,
        null,
        1,
        0,
        0,
        0,
        0,
        null,
        0,
        null,
        null,
        null,
        0,
        0,
        0,
        null,
        null,
        null,
        0,
        null,
        0,
        0,
        0,
        0,
        0,
        0,
        null,
        null,
        0,
        0,
        0,
        0,
        0,
        0,
        0,
        0,
        null,
        null,
        0,
        0,
        0,
        0,
        0,
        0,
        0,
        0,
        null,
        null,
        null,
        null,
        1,
        0,
        null,
        null,
        1,
        0,
        null,
        null,
        1,
        0,
        null,
        null,
        1,
        0,
        null,
        null,
        1,
        0,
        null,
        null,
        null,
        null,
        1,
        0,
        null,
        0,
        0,
        0,
        null,
        0,
        0,
        0,
        0,
        0,
        null,
        null,
        null,
        null,
        null,
        0,
        null,
        null,
        1,
        0,
        0,
        0,
        0,
        0,
        0,
        0,
        0,
        null,
        0,
        0,
        null,
        null,
        0,
        null,
        null,
        1,
        0,
        0,
        0,
        null,
        0,
        0,
        0,
        0,
        null,
        0,
        null,
        null,
        null,
        null,
        null
      ],
      "/Users/lyman/Dropbox/MyPrivateDropBox/MacDocuments/workspace/MfSE/whiteboard/app/controllers/generic_ajax_controller.rb": [
        1,
        null,
        1,
        null,
        1,
        2,
        2,
        2,
        2,
        null,
        null,
        null,
        null,
        null,
        2,
        2,
        2,
        0,
        null,
        null,
        2,
        0,
        null,
        null,
        2,
        1,
        null,
        null,
        1,
        null,
        1,
        0,
        null,
        1,
        null,
        null,
        null,
        null,
        null,
        null,
        null
      ],
      "/Users/lyman/Dropbox/MyPrivateDropBox/MacDocuments/workspace/MfSE/whiteboard/app/controllers/grades_controller.rb": [
        1,
        null,
        1,
        null,
        1,
        1,
        1,
        1,
        1,
        null,
        null,
        1,
        4,
        null,
        null,
        1,
        4,
        null,
        null,
        1,
        3,
        1,
        null,
        null,
        null,
        1,
        3,
        3,
        4,
        0,
        null,
        null,
        null,
        null,
        1,
        2,
        0,
        0,
        null,
        2,
        2,
        null,
        2,
        2,
        2,
        2,
        2,
        4,
        null,
        2,
        null,
        null,
        1,
        1,
        1,
        0,
        null,
        1,
        null,
        1,
        0,
        0,
        0,
        null,
        null,
        1,
        1,
        1,
        1,
        2,
        1,
        null,
        null,
        null,
        1,
        0,
        0,
        0,
        0,
        null,
        0,
        0,
        null,
        null,
        1,
        0,
        0,
        0,
        null,
        null,
        1,
        0,
        0,
        0,
        0,
        null,
        0,
        0,
        null,
        null,
        1,
        0,
        0,
        0,
        null,
        null,
        0,
        0,
        0,
        null,
        0,
        null,
        0,
        null,
        null,
        1,
        0,
        0,
        0,
        0,
        null,
        null,
        null
      ],
      "/Users/lyman/Dropbox/MyPrivateDropBox/MacDocuments/workspace/MfSE/whiteboard/app/models/grade.rb": [
        null,
        null,
        null,
        null,
        null,
        null,
        null,
        null,
        null,
        null,
        null,
        null,
        null,
        null,
        null,
        null,
        1,
        null,
        1,
        1,
        1,
        1,
        1,
        1,
        1,
        null,
        1,
        1,
        null,
        1,
        1,
        null,
        null,
        1,
        90,
        90,
        5,
        null,
        null,
        null,
        null,
        1,
        31,
        4,
        null,
        null,
        null,
        null,
        1,
        2,
        2,
        1,
        0,
        0,
        null,
        1,
        null,
        null,
        2,
        null,
        null,
        null,
        1,
        32,
        null,
        null,
        null,
        1,
        4,
        4,
        1,
        null,
        3,
        null,
        null,
        null,
        null,
        null,
        1,
        15,
        10,
        0,
        null,
        null,
        null,
        15,
        15,
        15,
        15,
        14,
        14,
        8,
        null,
        null,
        null,
        14,
        14,
        14,
        4,
        null,
        14,
        5,
        4,
        null,
        null,
        14,
        null,
        0,
        null,
        null,
        15,
        null,
        null,
        null,
        1,
        2,
        null,
        4,
        null,
        null,
        null,
        null,
        1,
        0,
        0,
        0,
        0,
        0,
        0,
        null,
        null,
        null,
        null,
        null,
        1,
        0,
        0,
        0,
        0,
        0,
        0,
        null,
        null,
        null,
        null,
        null,
        1,
        0,
        0,
        0,
        0,
        0,
        0,
        null,
        0,
        null,
        null,
        null,
        null,
        1,
        0,
        0,
        0,
        0,
        null,
        null,
        0,
        0,
        0,
        null,
        0,
        0,
        0,
        null,
        null,
        0,
        0,
        0,
        null,
        0,
        0,
        0,
        null,
        0,
        null,
        null,
        0,
        0,
        0,
        0,
        0,
        null,
        0,
        0,
        0,
        0,
        0,
        0,
        0,
        0,
        0,
        0,
        null,
        null,
        null,
        0,
        null,
        0,
        null,
        0,
        null,
        null,
        null,
        1,
        0,
        0,
        0,
        null,
        0,
        0,
        0,
        0,
        0,
        0,
        0,
        0,
        null,
        null,
        null,
        1,
        0,
        0,
        null,
        null,
        null,
        1,
        0,
        0,
        null,
        0,
        null,
        0,
        0,
        null,
        null,
        null,
        null,
        null,
        null,
        null,
        0,
        null,
        null,
        1,
        null,
        1,
        0,
        0,
        0,
        null,
        null,
        null,
        0,
        0,
        0,
        null,
        null,
        null,
        0,
        0,
        0,
        0,
        null,
        0,
        0,
        0,
        null,
        null,
        0,
        0,
        null,
        null,
        null,
        0,
        0,
        null,
        0,
        null,
        null,
        null,
        0,
        null,
        null,
        0,
        null,
        null,
        null,
        null,
        1,
        0,
        0,
        0,
        null,
        null,
        0,
        0,
        0,
        null,
        null,
        0,
        0,
        0,
        0,
        null,
        null,
        0,
        0,
        null,
        null,
        null,
        0,
        null,
        null,
        null,
        1,
        0,
        null,
        null,
        null,
        1,
        0,
        0,
        0,
        0,
        0,
        0,
        0,
        0,
        0,
        null,
        null,
        null,
        null,
        null,
        1,
        0,
        null,
        null,
        null,
        1,
        null,
        51,
        0,
        null,
        51,
        null,
        null,
        null,
        null,
        1,
        7,
        0,
        null,
        null,
        7,
        7,
        0,
        null,
        null,
        7,
        46,
        null,
        3,
        null,
        null,
        1,
        51,
        null,
        null,
        null,
        null
      ],
      "/Users/lyman/Dropbox/MyPrivateDropBox/MacDocuments/workspace/MfSE/whiteboard/app/controllers/jobs_controller.rb": [
        1,
        1,
        null,
        1,
        null,
        null,
        1,
        10,
        10,
        null,
        null,
        null,
        1,
        3,
        3,
        3,
        3,
        null,
        null,
        null,
        1,
        3,
        3,
        2,
        null,
        null,
        null,
        1,
        2,
        2,
        2,
        2,
        2,
        null,
        2,
        2,
        2,
        null,
        2,
        null,
        null,
        null,
        null,
        null,
        null,
        1,
        2,
        2,
        2,
        2,
        2,
        0,
        null,
        2,
        null,
        2,
        2,
        4,
        null,
        0,
        null,
        null,
        null,
        null,
        1,
        0,
        0,
        0,
        null,
        null,
        null
      ],
      "/Users/lyman/Dropbox/MyPrivateDropBox/MacDocuments/workspace/MfSE/whiteboard/app/models/job.rb": [
        1,
        null,
        1,
        null,
        1,
        1,
        null,
        1,
        1,
        null,
        1,
        1,
        null,
        1,
        null,
        1,
        null,
        1,
        null,
        1,
        0,
        null,
        null,
        null,
        null,
        null,
        1,
        1,
        null,
        1,
        null,
        null,
        null,
        null,
        null,
        1,
        null,
        1,
        12,
        12,
        null,
        null,
        1,
        11,
        11,
        null,
        null,
        1,
        0,
        0,
        0,
        0,
        null,
        null,
        1,
        2,
        2,
        4,
        null,
        2,
        2,
        null,
        null,
        null,
        1,
        null,
        1,
        0,
        null,
        null,
        null,
        0,
        0,
        0,
        null,
        null,
        null
      ],
      "/Users/lyman/Dropbox/MyPrivateDropBox/MacDocuments/workspace/MfSE/whiteboard/app/controllers/mailing_lists_controller.rb": [
        1,
        1,
        null,
        1,
        null,
        null,
        null,
        null,
        1,
        0,
        0,
        null,
        0,
        null,
        null,
        0,
        0,
        0,
        null,
        null,
        null,
        null,
        null,
        null,
        1,
        0,
        null,
        null,
        null,
        null,
        null,
        null,
        0,
        null,
        0,
        0,
        0,
        0,
        null,
        null,
        0,
        0,
        0,
        null,
        null,
        null,
        0,
        null,
        null,
        null,
        null
      ],
      "/Users/lyman/Dropbox/MyPrivateDropBox/MacDocuments/workspace/MfSE/whiteboard/app/controllers/page_attachments_controller.rb": [
        1,
        1,
        3,
        3,
        null,
        3,
        1,
        1,
        2,
        null,
        0,
        0,
        null,
        null,
        null,
        2,
        2,
        null,
        null,
        null,
        null,
        1,
        7,
        7,
        null,
        7,
        4,
        4,
        4,
        null,
        2,
        4,
        null,
        null,
        null,
        3,
        3,
        null,
        null,
        null,
        1,
        3,
        null,
        3,
        2,
        2,
        null,
        2,
        4,
        null,
        null,
        1,
        1,
        null,
        null,
        null,
        1,
        0,
        0,
        0,
        null,
        null
      ],
      "/Users/lyman/Dropbox/MyPrivateDropBox/MacDocuments/workspace/MfSE/whiteboard/app/models/page_attachment.rb": [
        null,
        null,
        null,
        null,
        null,
        null,
        null,
        null,
        null,
        null,
        null,
        null,
        null,
        null,
        null,
        null,
        null,
        null,
        null,
        null,
        null,
        1,
        1,
        1,
        null,
        1,
        null,
        1,
        null,
        null,
        null,
        null,
        null,
        null,
        1,
        null,
        null,
        1,
        0,
        null,
        null,
        null
      ],
      "/Users/lyman/Dropbox/MyPrivateDropBox/MacDocuments/workspace/MfSE/whiteboard/app/controllers/page_comment_types_controller.rb": [
        1,
        1,
        null,
        null,
        null,
        1,
        1,
        null,
        null,
        null,
        null,
        1,
        1,
        null,
        null,
        null,
        null,
        1,
        2,
        null,
        1,
        null,
        null,
        null,
        null,
        1,
        1,
        1,
        null,
        null,
        null,
        null,
        null,
        1,
        5,
        null,
        4,
        null,
        4,
        4,
        2,
        4,
        2,
        null,
        4,
        2,
        null,
        null,
        null,
        null,
        null,
        null,
        null,
        1,
        6,
        5,
        null,
        5,
        5,
        3,
        6,
        3,
        null,
        4,
        2,
        null,
        null,
        null,
        null,
        null,
        null,
        null,
        1,
        2,
        0,
        0,
        null,
        0,
        0,
        0,
        null,
        null,
        null,
        null
      ],
      "/Users/lyman/Dropbox/MyPrivateDropBox/MacDocuments/workspace/MfSE/whiteboard/app/models/page_comment_type.rb": [
        1,
        1,
        null
      ],
      "/Users/lyman/Dropbox/MyPrivateDropBox/MacDocuments/workspace/MfSE/whiteboard/app/controllers/page_comments_controller.rb": [
        1,
        1,
        null,
        null,
        null,
        null,
        null,
        null,
        null,
        null,
        null,
        null,
        null,
        null,
        null,
        1,
        0,
        null,
        0,
        0,
        0,
        null,
        null,
        null,
        null,
        null,
        1,
        0,
        0,
        0,
        null,
        0,
        0,
        0,
        null,
        null,
        null,
        null,
        1,
        0,
        0,
        null,
        null,
        null,
        null,
        1,
        0,
        0,
        0,
        0,
        0,
        null,
        0,
        0,
        0,
        0,
        0,
        0,
        0,
        null,
        0,
        0,
        null,
        null,
        null,
        null,
        null,
        null,
        1,
        0,
        0,
        0,
        0,
        null,
        0,
        null,
        0,
        0,
        0,
        0,
        0,
        0,
        null,
        0,
        0,
        null,
        null,
        null,
        null,
        null,
        null,
        1,
        0,
        0,
        0,
        null,
        0,
        0,
        0,
        null,
        null,
        null,
        null,
        null,
        null
      ],
      "/Users/lyman/Dropbox/MyPrivateDropBox/MacDocuments/workspace/MfSE/whiteboard/app/models/page_comment.rb": [
        1,
        1,
        1,
        1,
        null,
        1,
        1,
        null,
        1,
        0,
        0,
        null,
        0,
        0,
        null,
        0,
        null,
        null,
        null,
        1,
        null,
        0,
        0,
        0,
        0,
        null,
        null,
        null
      ],
      "/Users/lyman/Dropbox/MyPrivateDropBox/MacDocuments/workspace/MfSE/whiteboard/app/controllers/pages_controller.rb": [
        1,
        1,
        null,
        null,
        1,
        null,
        null,
        null,
        1,
        0,
        null,
        0,
        0,
        0,
        null,
        null,
        null,
        1,
        0,
        0,
        null,
        0,
        0,
        0,
        null,
        null,
        null,
        null,
        null,
        1,
        6,
        6,
        6,
        null,
        6,
        0,
        0,
        null,
        null,
        6,
        0,
        0,
        null,
        null,
        6,
        3,
        3,
        null,
        null,
        3,
        null,
        3,
        3,
        3,
        null,
        null,
        null,
        null,
        null,
        1,
        0,
        0,
        0,
        0,
        0,
        null,
        0,
        0,
        0,
        null,
        null,
        null,
        null,
        1,
        0,
        0,
        null,
        0,
        0,
        0,
        null,
        null,
        0,
        0,
        0,
        null,
        null,
        0,
        null,
        null,
        0,
        0,
        null,
        0,
        null,
        null,
        0,
        0,
        0,
        0,
        null,
        null,
        0,
        0,
        0,
        null,
        null,
        null,
        1,
        0,
        0,
        null,
        null,
        null,
        null,
        1,
        0,
        0,
        null,
        0,
        0,
        0,
        0,
        0,
        0,
        null,
        0,
        0,
        null,
        null,
        null,
        null,
        null,
        null,
        1,
        0,
        0,
        null,
        0,
        0,
        0,
        null,
        null,
        0,
        0,
        0,
        0,
        0,
        0,
        null,
        0,
        null,
        null,
        0,
        null,
        0,
        null,
        null,
        null,
        0,
        0,
        0,
        0,
        null,
        0,
        null,
        null,
        null,
        0,
        null,
        0,
        0,
        0,
        null,
        0,
        null,
        null,
        null,
        null,
        null,
        null,
        1,
        0,
        null,
        0,
        0,
        0,
        null,
        null,
        0,
        0,
        0,
        null,
        null,
        0,
        0,
        0,
        0,
        0,
        null,
        0,
        0,
        null,
        null,
        null,
        null,
        1,
        1,
        0,
        0,
        0,
        null,
        null
      ],
      "/Users/lyman/Dropbox/MyPrivateDropBox/MacDocuments/workspace/MfSE/whiteboard/app/models/page.rb": [
        1,
        1,
        null,
        null,
        null,
        1,
        null,
        1,
        1,
        1,
        1,
        null,
        1,
        1,
        null,
        1,
        1,
        1,
        null,
        1,
        null,
        1,
        1,
        null,
        1,
        25,
        25,
        22,
        21,
        null,
        null,
        1,
        9,
        7,
        5,
        2,
        null,
        3,
        null,
        null,
        null,
        1,
        30,
        null,
        null,
        null,
        null,
        1,
        null,
        null,
        null,
        null,
        null,
        0,
        null,
        null,
        1,
        3,
        null,
        null,
        1,
        0,
        0,
        null,
        null,
        null,
        1,
        3,
        3,
        null,
        null,
        1,
        20,
        3,
        null,
        17,
        null,
        null,
        null,
        1,
        20,
        20,
        20,
        20,
        0,
        null,
        null,
        20,
        20,
        20,
        0,
        0,
        null,
        0,
        0,
        null,
        null,
        null,
        1,
        0,
        0,
        0,
        null,
        null,
        1,
        null,
        null,
        6,
        0,
        null,
        null,
        null,
        null,
        null,
        null,
        1,
        0,
        null,
        null,
        1,
        0,
        0,
        null,
        0,
        null,
        null,
        null,
        1,
        1,
        33,
        null,
        null,
        null
      ],
      "/Users/lyman/Dropbox/MyPrivateDropBox/MacDocuments/workspace/MfSE/whiteboard/app/controllers/password_resets_controller.rb": [
        1,
        1,
        null,
        null,
        1,
        1,
        null,
        null,
        null,
        1,
        3,
        3,
        null,
        3,
        3,
        1,
        null,
        2,
        2,
        null,
        1,
        null,
        0,
        0,
        null,
        null,
        null,
        null,
        1,
        2,
        null,
        2,
        null,
        null,
        null,
        1,
        4,
        4,
        4,
        4,
        4,
        4,
        2,
        4,
        null,
        2,
        2,
        null,
        null,
        null,
        0,
        0,
        null,
        null,
        null,
        null
      ],
      "/Users/lyman/Dropbox/MyPrivateDropBox/MacDocuments/workspace/MfSE/whiteboard/app/controllers/peer_evaluation_controller.rb": [
        1,
        1,
        1,
        null,
        1,
        null,
        null,
        null,
        null,
        null,
        1,
        null,
        1,
        0,
        0,
        null,
        0,
        null,
        null,
        1,
        0,
        0,
        0,
        null,
        0,
        null,
        0,
        0,
        0,
        0,
        0,
        null,
        0,
        null,
        null,
        null,
        null,
        null,
        1,
        0,
        0,
        null,
        0,
        0,
        0,
        0,
        null,
        null,
        null,
        null,
        null,
        0,
        0,
        null,
        null,
        0,
        0,
        null,
        null,
        0,
        0,
        null,
        null,
        null,
        null,
        1,
        0,
        0,
        0,
        0,
        0,
        0,
        0,
        null,
        0,
        0,
        0,
        0,
        null,
        null,
        null,
        0,
        0,
        0,
        null,
        0,
        0,
        0,
        null,
        null,
        0,
        0,
        0,
        0,
        0,
        null,
        0,
        null,
        null,
        null,
        null,
        0,
        0,
        0,
        0,
        0,
        0,
        0,
        null,
        null,
        null,
        null,
        null,
        1,
        0,
        null,
        0,
        0,
        null,
        0,
        0,
        null,
        0,
        null,
        0,
        0,
        0,
        0,
        0,
        0,
        0,
        null,
        null,
        null,
        null,
        0,
        null,
        null,
        null,
        0,
        null,
        0,
        0,
        null,
        null,
        0,
        0,
        null,
        null,
        0,
        0,
        0,
        0,
        0,
        null,
        null,
        0,
        0,
        0,
        null,
        null,
        null,
        null,
        null,
        null,
        null,
        0,
        null,
        0,
        0,
        0,
        null,
        0,
        null,
        0,
        null,
        0,
        0,
        null,
        null,
        0,
        0,
        null,
        null,
        null,
        0,
        0,
        0,
        null,
        0,
        null,
        null,
        null,
        null,
        0,
        null,
        null,
        1,
        0,
        0,
        0,
        null,
        0,
        null,
        0,
        0,
        0,
        0,
        null,
        null,
        null,
        0,
        0,
        0,
        0,
        0,
        null,
        null,
        0,
        0,
        0,
        0,
        0,
        0,
        null,
        0,
        0,
        0,
        0,
        0,
        null,
        null,
        null,
[...]
        0,
        0,
        0,
        0,
        0,
        0,
        0,
        0,
        0,
        null,
        0,
        0,
        null,
        null,
        null,
        null,
        0,
        null,
        null,
        null,
        null,
        1,
        0,
        0,
        null,
        0,
        0,
        null,
        0,
        0,
        0,
        0,
        0,
        null,
        0,
        null,
        0,
        0,
        0,
        null,
        null,
        0,
        null,
        null,
        1,
        0,
        0,
        null,
        0,
        0,
        0,
        null,
        null,
        null,
        1,
        0,
        0,
        0,
        null,
        0,
        0,
        0,
        null,
        null,
        null,
        null,
        1,
        0,
        null,
        0,
        0,
        null,
        0,
        0,
        0,
        0,
        0,
        0,
        null,
        null,
        null,
        0,
        null,
        null,
        null,
        null,
        null,
        null,
        null,
        1,
        1,
        1,
        1,
        1,
        null,
        null,
        1,
        null,
        null,
        1,
        2,
        1,
        null,
        null,
        null,
        null,
        null,
        null,
        1,
        3,
        3,
        null,
        3,
        3,
        3,
        null,
        null,
        null,
        null,
        null,
        1,
        3,
        2,
        2,
        2,
        2,
        2,
        10,
        null,
        null,
        2,
        2,
        2,
        null,
        null,
        null,
        null,
        null,
        1,
        2,
        2,
        2,
        2,
        2,
        null,
        null,
        null,
        null,
        null,
        1,
        3,
        2,
        2,
        null,
        2,
        2,
        null,
        2,
        null,
        2,
        2,
        2,
        4,
        2,
        null,
        0,
        0,
        0,
        null,
        null,
        null,
        null,
        null,
        null,
        null,
        1,
        8,
        8,
        8,
        8,
        null,
        7,
        null,
        7,
        7,
        7,
        4,
        8,
        4,
        null,
        3,
        6,
        3,
        null,
        null,
        null,
        null,
        null,
        null,
        null,
        1,
        2,
        2,
        2,
        null,
        null,
        0,
        0,
        0,
        null,
        0,
        0,
        0,
        null,
        null,
        null,
        null,
        1,
        0,
        0,
        null,
        0,
        0,
        0,
        0,
        0,
        0,
        0,
        0,
        0,
        null,
        null,
        0,
        0,
        null,
        0,
        0,
        null,
        null,
        0,
        0,
        0,
        null,
        null,
        null,
        1,
        0,
        null,
        0,
        0,
        null,
        0,
        0,
        null,
        0,
        null,
        0,
        null,
        null,
        null,
        1,
        9,
        9,
        0,
        0,
        0,
        null,
        null,
        null
      ],
      "/Users/lyman/Dropbox/MyPrivateDropBox/MacDocuments/workspace/MfSE/whiteboard/app/models/team.rb": [
        1,
        1,
        1,
        1,
        null,
        1,
        1,
        null,
        1,
        null,
        1,
        1,
        1,
        null,
        1,
        null,
        1,
        1,
        1,
        null,
        1,
        null,
        null,
        null,
        null,
        1,
        null,
        1,
        null,
        1,
        228,
        null,
        null,
        1,
        226,
        null,
        null,
        1,
        147,
        147,
        null,
        null,
        1,
        147,
        140,
        null,
        null,
        null,
        1,
        147,
        147,
        145,
        145,
        145,
        null,
        null,
        null,
        null,
        1,
        0,
        null,
        null,
        1,
        5,
        null,
        null,
        1,
        11,
        11,
        11,
        null,
        null,
        1,
        11,
        11,
        11,
        null,
        null,
        null,
        1,
        228,
        null,
        null,
        null,
        null,
        null,
        1,
        148,
        null,
        9,
        null,
        8,
        4,
        4,
        4,
        4,
        null,
        4,
        null,
        null,
        1,
        0,
        0,
        0,
        0,
        null,
        0,
        0,
        0,
        null,
        null,
        null,
        1,
        0,
        0,
        0,
        0,
        null,
        0,
        null,
        0,
        0,
        null,
        0,
        null,
        null,
        1,
        0,
        0,
        null,
        null,
        1,
        8,
        null,
        null,
        1,
        0,
        null,
        null,
        null,
        1,
        0,
        0,
        0,
        0,
        0,
        0,
        null,
        null,
        null,
        1,
        1,
        225,
        225,
        225,
        null,
        null,
        1,
        0,
        0,
        null,
        0,
        null,
        null,
        null
      ],
      "/Users/lyman/Dropbox/MyPrivateDropBox/MacDocuments/workspace/MfSE/whiteboard/app/controllers/users/omniauth_callbacks_controller.rb": [
        1,
        1,
        null,
        1,
        0,
        0,
        0,
        0,
        0,
        null,
        null,
        1,
        null,
        50,
        null,
        50,
        50,
        null,
        50,
        50,
        50,
        50,
        null,
        0,
        0,
        null,
        null,
        null,
        null,
        null,
        null,
        null,
        0,
        0,
        0,
        null,
        null,
        null,
        null,
        null,
        null,
        null,
        null,
        null,
        null,
        null,
        null,
        null,
        null,
        null,
        null,
        null,
        null,
        null,
        null,
        null,
        null,
        null,
        null,
        null,
        null,
        null,
        null,
        null,
        null,
        null,
        1,
        0,
        null,
        null
      ],
      "/Users/lyman/Dropbox/MyPrivateDropBox/MacDocuments/workspace/MfSE/whiteboard/app/controllers/welcome_controller.rb": [
        1,
        1,
        null,
        1,
        95,
        null,
        95,
        43,
        43,
        null,
        52,
        52,
        null,
        null,
        95,
        95,
        95,
        null,
        null,
        null,
        1,
        null,
        null,
        1,
        null,
        null,
        null,
        null
      ],
      "/Users/lyman/Dropbox/MyPrivateDropBox/MacDocuments/workspace/MfSE/whiteboard/app/helpers/cmu_sv_layout.rb": [

      ],
      "/Users/lyman/Dropbox/MyPrivateDropBox/MacDocuments/workspace/MfSE/whiteboard/app/services/peer_evaluation_email.rb": [
        1,
        null,
        null,
        1,
        null,
        0,
        0,
        0,
        null,
        0,
        0,
        0,
        0,
        0,
        null,
        null,
        null,
        0,
        0,
        0,
        0,
        0,
        null,
        null,
        0,
        null,
        null,
        null,
        1,
        0,
        null,
        0,
        0,
        0,
        0,
        0,
        null,
        0,
        null,
        null,
        0,
        0,
        null,
        null,
        null,
        1,
        0,
        null,
        null,
        null,
        0,
        null,
        null,
        null,
        null,
        null,
        null
      ],
      "/Users/lyman/Dropbox/MyPrivateDropBox/MacDocuments/workspace/MfSE/whiteboard/app/mailers/course_mailer.rb": [
        1,
        null,
        1,
        null,
        null,
        1,
        1,
        null,
        0,
        null,
        1,
        null,
        null,
        1,
        1,
        null,
        null,
        null,
        1,
        null,
        null,
        null,
        null,
        null,
        null
      ],
      "/Users/lyman/Dropbox/MyPrivateDropBox/MacDocuments/workspace/MfSE/whiteboard/app/mailers/effort_log_mailer.rb": [
        1,
        null,
        null,
        1,
        null,
        1,
        0,
        0,
        0,
        0,
        null,
        null,
        null,
        1,
        0,
        0,
        null,
        0,
        null,
        null,
        null,
        null,
        null,
        null
      ],
      "/Users/lyman/Dropbox/MyPrivateDropBox/MacDocuments/workspace/MfSE/whiteboard/app/mailers/generic_mailer.rb": [
        1,
        null,
        null,
        1,
        null,
        1,
        120,
        120,
        120,
        120,
        null,
        null,
        120,
        null,
        null,
        null,
        null
      ],
      "/Users/lyman/Dropbox/MyPrivateDropBox/MacDocuments/workspace/MfSE/whiteboard/app/mailers/job_mailer.rb": [
        1,
        null,
        1,
        null,
        1,
        0,
        null,
        0,
        0,
        0,
        0,
        null,
        null,
        0,
        null,
        0,
        0,
        0,
        0,
        null,
        null,
        null,
        0,
        0,
        0,
        null,
        0,
        0,
        null,
        null,
        0,
        null,
        null,
        null,
        null,
        null,
        null,
        null,
        null,
        0,
        null,
        null,
        null,
        null,
        1,
        0,
        0,
        0,
        0,
        0,
        null,
        null,
        null,
        0,
        null,
        null,
        null,
        null,
        null,
        1,
        0,
        null,
        0,
        0,
        0,
        0,
        null,
        null,
        null,
        null,
        null,
        null,
        0,
        null,
        null,
        null,
        null,
        null,
        null,
        null
      ],
      "/Users/lyman/Dropbox/MyPrivateDropBox/MacDocuments/workspace/MfSE/whiteboard/app/mailers/page_comment_mailer.rb": [
        1,
        null,
        1,
        null,
        1,
        0,
        0,
        null,
        null,
        null,
        0,
        null,
        null,
        null
      ],
      "/Users/lyman/Dropbox/MyPrivateDropBox/MacDocuments/workspace/MfSE/whiteboard/app/mailers/password_mailer.rb": [
        1,
        1,
        null,
        1,
        0,
        0,
        null,
        null
      ],
      "/Users/lyman/Dropbox/MyPrivateDropBox/MacDocuments/workspace/MfSE/whiteboard/app/mailers/person_mailer.rb": [
        1,
        null,
        null,
        null,
        1,
        null,
        1,
        0,
        0,
        null,
        null,
        null,
        0,
        null,
        null,
        null
      ],
      "/Users/lyman/Dropbox/MyPrivateDropBox/MacDocuments/workspace/MfSE/whiteboard/app/mailers/reminder_mailer.rb": [
        1,
        null,
        1,
        null,
        null,
        null,
        null,
        null,
        null,
        null,
        null,
        null,
        null,
        null,
        null,
        null,
        null,
        1,
        2,
        2,
        2,
        null,
        null,
        null,
        null,
        2,
        null,
        null
      ],
      "/Users/lyman/Dropbox/MyPrivateDropBox/MacDocuments/workspace/MfSE/whiteboard/app/mailers/sponsored_project_effort_mailer.rb": [
        1,
        null,
        null,
        1,
        null,
        1,
        0,
        0,
        0,
        null,
        null,
        null,
        0,
        null,
        null,
        1,
        0,
        0,
        0,
        null,
        null,
        null,
        0,
        null,
        null,
        null
      ],
      "/Users/lyman/Dropbox/MyPrivateDropBox/MacDocuments/workspace/MfSE/whiteboard/app/models/ability.rb": [
        1,
        1,
        null,
        1,
        null,
        null,
        null,
        null,
        null,
        null,
        null,
        null,
        null,
        172,
        172,
        172,
        null,
        null,
        172,
        0,
        null,
        null,
        null,
        172,
        0,
        null,
        172,
        null,
        null,
        172,
        60,
        60,
        null,
        112,
        null,
        null,
        null,
        null,
        172,
        64,
        64,
        64,
        64,
        null,
        null,
        172,
        137,
        null,
        null,
        172,
        0,
        null,
        null,
        172,
        60,
        60,
        60,
        60,
        null,
        112,
        null,
        null,
        172,
        137,
        137,
        137,
        null,
        172,
        172,
        null,
        null,
        null,
        null,
        null,
        null,
        null,
        null,
        null,
        null,
        null,
        null,
        null,
        null,
        null,
        null,
        null
      ],
      "/Users/lyman/Dropbox/MyPrivateDropBox/MacDocuments/workspace/MfSE/whiteboard/app/models/deliverable_attachment.rb": [
        1,
        1,
        null,
        1,
        1,
        null,
        1,
        null,
        null,
        null,
        null,
        null,
        null,
        null,
        1,
        null,
        1,
        null,
        1,
        82,
        null,
        null,
        1,
        1,
        82,
        null,
        null,
        1,
        79,
        null,
        null,
        null,
        null
      ],
      "/Users/lyman/Dropbox/MyPrivateDropBox/MacDocuments/workspace/MfSE/whiteboard/app/models/faculty_assignment.rb": [
        1,
        1,
        1,
        null,
        null,
        null,
        null,
        null,
        null
      ],
      "/Users/lyman/Dropbox/MyPrivateDropBox/MacDocuments/workspace/MfSE/whiteboard/app/models/grading_rule.rb": [
        null,
        null,
        null,
        null,
        null,
        null,
        null,
        null,
        null,
        null,
        null,
        null,
        null,
        null,
        null,
        null,
        null,
        null,
        null,
        null,
        null,
        null,
        null,
        null,
        null,
        null,
        null,
        null,
        null,
        null,
        1,
        1,
        null,
        null,
        null,
        null,
        null,
        null,
        null,
        null,
        null,
        null,
        null,
        1,
        null,
        1,
        10,
        10,
        null,
        null,
        null,
        1,
        1,
        null,
        null,
        null,
        1,
        null,
        17,
        0,
        null,
        null,
        null,
        17,
        5,
        null,
        null,
        null,
        12,
        null,
        10,
        null,
        2,
        null,
        0,
        null,
        null,
        null,
        null,
        1,
        91,
        91,
        91,
        0,
        91,
        1,
        null,
        90,
        null,
        null,
        null,
        null,
        1,
        10,
        10,
        0,
        null,
        null,
        10,
        null,
        null,
        null,
        1,
        0,
        0,
        0,
        0,
        0,
        null,
        0,
        null,
        0,
        null,
        null,
        null,
        1,
        8,
        null,
        null,
        1,
        null,
        1,
        26,
        26,
        26,
        208,
        208,
        208,
        208,
        208,
        208,
        null,
        208,
        624,
        null,
        null,
        26,
        null,
        null,
        null,
        1,
        12,
        0,
        null,
        12,
        null,
        null,
        null,
        1,
        2,
        1,
        null,
        2,
        null,
        null,
        null
      ],
      "/Users/lyman/Dropbox/MyPrivateDropBox/MacDocuments/workspace/MfSE/whiteboard/app/models/job_employee.rb": [
        1,
        1,
        1,
        1,
        1,
        null
      ],
      "/Users/lyman/Dropbox/MyPrivateDropBox/MacDocuments/workspace/MfSE/whiteboard/app/models/job_supervisor.rb": [
        1,
        1,
        1,
        1,
        1,
        null,
        1,
        1,
        0,
        null,
        null,
        0,
        null,
        null,
        null
      ],
      "/Users/lyman/Dropbox/MyPrivateDropBox/MacDocuments/workspace/MfSE/whiteboard/app/models/peer_evaluation_learning_objective.rb": [
        1,
        null
      ],
      "/Users/lyman/Dropbox/MyPrivateDropBox/MacDocuments/workspace/MfSE/whiteboard/app/models/peer_evaluation_report.rb": [
        1,
        null,
        1,
        0,
        0,
        null,
        null,
        null
      ],
      "/Users/lyman/Dropbox/MyPrivateDropBox/MacDocuments/workspace/MfSE/whiteboard/app/models/peer_evaluation_review.rb": [
        null,
        null,
        null,
        null,
        null,
        null,
        null,
        null,
        null,
        null,
        null,
        null,
        null,
        null,
        null,
        null,
        null,
        null,
        null,
        null,
        null,
        null,
        null,
        null,
        null,
        null,
        null,
        null,
        null,
        1,
        null,
        1,
        1,
        1,
        null,
        1,
        2,
        null,
        null,
        null,
        null
      ],
      "/Users/lyman/Dropbox/MyPrivateDropBox/MacDocuments/workspace/MfSE/whiteboard/app/models/people_search_default.rb": [
        null,
        null,
        null,
        null,
        null,
        null,
        1,
        1,
        1,
        null,
        1,
        null,
        14,
        null,
        null,
        54,
        54,
        14,
        null,
        null,
        24,
        null,
        null,
        24,
        20,
        null,
        null,
        16,
        null,
        null,
        12,
        12,
        null,
        null,
        16,
        null,
        null,
        null,
        22,
        10,
        null,
        null,
        34,
        null,
        null,
        null
      ],
      "/Users/lyman/Dropbox/MyPrivateDropBox/MacDocuments/workspace/MfSE/whiteboard/app/models/presentation_feedback.rb": [
        1,
        1,
        1,
        1,
        1,
        null
      ],
      "/Users/lyman/Dropbox/MyPrivateDropBox/MacDocuments/workspace/MfSE/whiteboard/app/models/presentation_feedback_answer.rb": [
        1,
        1,
        1,
        null,
        1,
        1,
        null,
        null
      ],
      "/Users/lyman/Dropbox/MyPrivateDropBox/MacDocuments/workspace/MfSE/whiteboard/app/models/presentation_question.rb": [
        1,
        null,
        1,
        11,
        null,
        null
      ],
      "/Users/lyman/Dropbox/MyPrivateDropBox/MacDocuments/workspace/MfSE/whiteboard/app/models/registered_course.rb": [
        1,
        1,
        1,
        null,
        null
      ],
      "/Users/lyman/Dropbox/MyPrivateDropBox/MacDocuments/workspace/MfSE/whiteboard/app/models/team_assignment.rb": [
        1,
        1,
        1,
        null,
        1,
        null
      ],
      "/Users/lyman/Dropbox/MyPrivateDropBox/MacDocuments/workspace/MfSE/whiteboard/app/models/user_preference.rb": [
        1,
        null
      ]
    },
    "timestamp": 1399059613
  }
}
